<?xml version="1.0" encoding="UTF-8"?>
<!-- Generated by org.testng.reporters.JUnitReportReporter -->
<testsuite skipped="0" hostname="USJ6L8ZONR" name="testcases.DiscoveryVideoValidation" tests="1" failures="0" timestamp="2019-10-09T01:40:22 IST" time="42.976" errors="0">
  <testcase name="VideoValidation" time="42.976" classname="testcases.DiscoveryVideoValidation"/>
</testsuite> <!-- testcases.DiscoveryVideoValidation -->
